<?xml version="1.0" encoding="UTF-8"?>
<!-- Generated by org.testng.reporters.JUnitReportReporter -->
<testsuite hostname="LH7U05CG512101H" name="TestNGBasics" tests="3" failures="0" timestamp="23 Nov 2018 19:31:51 GMT" time="0.014" errors="0">
  <testcase name="TestMethod3" time="0.002" classname="TestNGBasics"/>
  <testcase name="TestMethod1" time="0.009" classname="TestNGBasics"/>
  <testcase name="TestMethod2" time="0.003" classname="TestNGBasics"/>
</testsuite> <!-- TestNGBasics -->
