<?xml version="1.0" encoding="UTF-8"?>
<!-- Generated by org.testng.reporters.JUnitReportReporter -->
<testsuite hostname="LH7U05CG512101H" name="Example_Integration" tests="1" failures="0" timestamp="10 Nov 2018 15:41:00 GMT" time="64.819" errors="0">
  <testcase name="LaunchBrowser" time="64.819" classname="Example_Integration"/>
</testsuite> <!-- Example_Integration -->
