<?xml version="1.0" encoding="UTF-8"?>
<!-- Generated by org.testng.reporters.JUnitReportReporter -->
<testsuite hostname="LH7U05CG512101H" name="POMPKG.LoginPomClass" tests="1" failures="0" timestamp="25 Nov 2018 21:51:48 GMT" time="13.890" errors="0">
  <testcase name="verifyValidLogin" time="13.890" classname="POMPKG.LoginPomClass"/>
</testsuite> <!-- POMPKG.LoginPomClass -->
