<?xml version="1.0" encoding="UTF-8"?>
<!-- Generated by org.testng.reporters.JUnitReportReporter -->
<testsuite hostname="LH7U05CG512101H" name="TestNGPKG.LoginPomClass" tests="1" failures="0" timestamp="25 Nov 2018 10:24:30 GMT" time="7.496" errors="0">
  <testcase name="verifyValidLogin" time="7.496" classname="TestNGPKG.LoginPomClass"/>
</testsuite> <!-- TestNGPKG.LoginPomClass -->
