<?xml version="1.0" encoding="UTF-8"?>
<!-- Generated by org.testng.reporters.JUnitReportReporter -->
<testsuite hostname="LH7U05CG512101H" name="TestNGPKG.Assignment2" tests="1" failures="0" timestamp="23 Nov 2018 19:34:33 GMT" time="0.009" errors="0">
  <testcase name="Driver" time="0.009" classname="TestNGPKG.Assignment2"/>
</testsuite> <!-- TestNGPKG.Assignment2 -->
